Building DAG of jobs...
Using shell: /usr/bin/bash
Provided cores: 8
Rules claiming more threads will be scaled down.
Job stats:
job                      count
---------------------  -------
compute_metrics_plots        1
total                        1

Select jobs to execute...

[Fri May  1 17:06:54 2026]
rule compute_metrics_plots:
    input: saved_samples/snakemake_test/3D/original_test.csv, saved_samples/snakemake_test/8D/target_test.csv, saved_weights/snakemake_test/5D/weights_path_dict_5D.json, saved_swd_distribution/snakemake_test/3D/swd_distribution_3D.npy, saved_swd_distribution/snakemake_test/8D/swd_distribution_8D.npy, saved_swd_distribution/snakemake_test/5D/swd_distribution_5D.npy
    output: saved_figures/snakemake_test/5D, saved_figures/snakemake_test/5D/metrics.json
    jobid: 0
    reason: Missing output files: saved_figures/snakemake_test/5D/metrics.json
    resources: tmpdir=/tmp

[Fri May  1 17:07:19 2026]
Error in rule compute_metrics_plots:
    jobid: 0
    input: saved_samples/snakemake_test/3D/original_test.csv, saved_samples/snakemake_test/8D/target_test.csv, saved_weights/snakemake_test/5D/weights_path_dict_5D.json, saved_swd_distribution/snakemake_test/3D/swd_distribution_3D.npy, saved_swd_distribution/snakemake_test/8D/swd_distribution_8D.npy, saved_swd_distribution/snakemake_test/5D/swd_distribution_5D.npy
    output: saved_figures/snakemake_test/5D, saved_figures/snakemake_test/5D/metrics.json
    shell:
        
        python Calc_Metrics.py             --original_test saved_samples/snakemake_test/3D/original_test.csv             --target_test saved_samples/snakemake_test/8D/target_test.csv             --weights_paths saved_weights/snakemake_test/5D/weights_path_dict_5D.json             --output_file saved_figures/snakemake_test/5D             --make_1D_plots             --make_2D_plots             --compute_chi2             --compute_swd             --interest_params Enu_true ELep CosLep W Eav             --custom_swd_distribution saved_swd_distribution/snakemake_test/5D/swd_distribution_5D.npy             --swd_distribution_3D saved_swd_distribution/snakemake_test/3D/swd_distribution_3D.npy             --swd_distribution_8D saved_swd_distribution/snakemake_test/8D/swd_distribution_8D.npy
        
        (one of the commands exited with non-zero exit code; note that snakemake uses bash strict mode!)

Removing output files of failed job compute_metrics_plots since they might be corrupted:
saved_figures/snakemake_test/5D
Shutting down, this might take some time.
Exiting because a job execution failed. Look above for error message
Complete log: .snakemake/log/2026-05-01T170647.171300.snakemake.log
