Building DAG of jobs...
Using shell: /usr/bin/bash
Provided cores: 8
Rules claiming more threads will be scaled down.
Job stats:
job                           count
--------------------------  -------
aggregate_bootstrap_3D            1
aggregate_bootstrap_8D            1
aggregate_custom_bootstrap        1
compute_metrics_plots             1
run_custom_bootstrap            200
train_models                      1
total                           205

Select jobs to execute...

[Fri May  1 16:15:20 2026]
rule run_custom_bootstrap:
    input: saved_samples/snakemake_test/5D/target_test.csv
    output: saved_swd_distribution/snakemake_test/5D/indiv_bootstrap/run_79.npy
    jobid: 486
    reason: Missing output files: saved_swd_distribution/snakemake_test/5D/indiv_bootstrap/run_79.npy
    wildcards: run_id=79
    resources: tmpdir=/tmp


[Fri May  1 16:15:20 2026]
rule run_custom_bootstrap:
    input: saved_samples/snakemake_test/5D/target_test.csv
    output: saved_swd_distribution/snakemake_test/5D/indiv_bootstrap/run_93.npy
    jobid: 500
    reason: Missing output files: saved_swd_distribution/snakemake_test/5D/indiv_bootstrap/run_93.npy
    wildcards: run_id=93
    resources: tmpdir=/tmp


[Fri May  1 16:15:20 2026]
rule run_custom_bootstrap:
    input: saved_samples/snakemake_test/5D/target_test.csv
    output: saved_swd_distribution/snakemake_test/5D/indiv_bootstrap/run_65.npy
    jobid: 472
    reason: Missing output files: saved_swd_distribution/snakemake_test/5D/indiv_bootstrap/run_65.npy
    wildcards: run_id=65
    resources: tmpdir=/tmp


[Fri May  1 16:15:20 2026]
rule run_custom_bootstrap:
    input: saved_samples/snakemake_test/5D/target_test.csv
    output: saved_swd_distribution/snakemake_test/5D/indiv_bootstrap/run_23.npy
    jobid: 430
    reason: Missing output files: saved_swd_distribution/snakemake_test/5D/indiv_bootstrap/run_23.npy
    wildcards: run_id=23
    resources: tmpdir=/tmp


[Fri May  1 16:15:20 2026]
rule run_custom_bootstrap:
    input: saved_samples/snakemake_test/5D/target_test.csv
    output: saved_swd_distribution/snakemake_test/5D/indiv_bootstrap/run_106.npy
    jobid: 513
    reason: Missing output files: saved_swd_distribution/snakemake_test/5D/indiv_bootstrap/run_106.npy
    wildcards: run_id=106
    resources: tmpdir=/tmp


[Fri May  1 16:15:20 2026]
rule run_custom_bootstrap:
    input: saved_samples/snakemake_test/5D/target_test.csv
    output: saved_swd_distribution/snakemake_test/5D/indiv_bootstrap/run_119.npy
    jobid: 526
    reason: Missing output files: saved_swd_distribution/snakemake_test/5D/indiv_bootstrap/run_119.npy
    wildcards: run_id=119
    resources: tmpdir=/tmp


[Fri May  1 16:15:20 2026]
rule run_custom_bootstrap:
    input: saved_samples/snakemake_test/5D/target_test.csv
    output: saved_swd_distribution/snakemake_test/5D/indiv_bootstrap/run_133.npy
    jobid: 540
    reason: Missing output files: saved_swd_distribution/snakemake_test/5D/indiv_bootstrap/run_133.npy
    wildcards: run_id=133
    resources: tmpdir=/tmp


[Fri May  1 16:15:20 2026]
rule train_models:
    input: saved_samples/snakemake_test/5D, set_hyperparameters/snakemake_test/hyperparameters.json, saved_samples/snakemake_test/5D/target_test.csv
    output: saved_models/snakemake_test/5D, saved_weights/snakemake_test/5D, saved_weights/snakemake_test/5D/weights_path_dict_5D.json
    jobid: 2
    reason: Missing output files: saved_weights/snakemake_test/5D/weights_path_dict_5D.json
    resources: tmpdir=/tmp

[Fri May  1 16:16:04 2026]
Error in rule train_models:
    jobid: 2
    input: saved_samples/snakemake_test/5D, set_hyperparameters/snakemake_test/hyperparameters.json, saved_samples/snakemake_test/5D/target_test.csv
    output: saved_models/snakemake_test/5D, saved_weights/snakemake_test/5D, saved_weights/snakemake_test/5D/weights_path_dict_5D.json
    shell:
        
        python Training.py             --original_train saved_samples/snakemake_test/5D/original_train.csv             --original_val saved_samples/snakemake_test/5D/original_val.csv             --original_test saved_samples/snakemake_test/5D/original_test.csv             --target_train saved_samples/snakemake_test/5D/target_train.csv             --target_val saved_samples/snakemake_test/5D/target_val.csv             --target_test saved_samples/snakemake_test/5D/target_test.csv             --hparams_dict set_hyperparameters/snakemake_test/hyperparameters.json             --save_weights_path saved_weights/snakemake_test/5D             --save_model_path saved_models/snakemake_test/5D             --model_list ["binning", "NN", "GBR", "XGB"]
        
        (one of the commands exited with non-zero exit code; note that snakemake uses bash strict mode!)

Removing output files of failed job train_models since they might be corrupted:
saved_weights/snakemake_test/5D
[Fri May  1 16:16:41 2026]
Finished job 526.
1 of 205 steps (0.5%) done
[Fri May  1 16:16:41 2026]
Finished job 513.
2 of 205 steps (1%) done
[Fri May  1 16:16:42 2026]
Finished job 540.
3 of 205 steps (1%) done
[Fri May  1 16:16:42 2026]
Finished job 486.
4 of 205 steps (2%) done
[Fri May  1 16:16:42 2026]
Finished job 472.
5 of 205 steps (2%) done
[Fri May  1 16:16:42 2026]
Finished job 500.
6 of 205 steps (3%) done
[Fri May  1 16:16:42 2026]
Finished job 430.
7 of 205 steps (3%) done
Shutting down, this might take some time.
Exiting because a job execution failed. Look above for error message
Complete log: .snakemake/log/2026-05-01T161513.226414.snakemake.log
