Building DAG of jobs...
Using shell: /usr/bin/bash
Provided cores: 4
Rules claiming more threads will be scaled down.
Job stats:
job                    count
-------------------  -------
initialize_analysis        1
total                      1

Select jobs to execute...

[Thu Apr 30 16:04:00 2026]
rule initialize_analysis:
    input: /home/hep/tlt26/RW_Snakemake/NEUT_file/T2KND_FHC_numu_H2O_NEUT562_1M_0000_NUISFLAT.root, /home/hep/tlt26/RW_Snakemake/GENIE_file/T2KND_FHC_numu_H2O_GENIEv3_G18_10b_00_000_1M_0000_NUISFLAT.root
    output: snakemake_test, saved_swd_distribution/snakemake_test
    jobid: 0
    reason: Missing output files: snakemake_test
    resources: tmpdir=/tmp

[Thu Apr 30 16:04:10 2026]
Error in rule initialize_analysis:
    jobid: 0
    input: /home/hep/tlt26/RW_Snakemake/NEUT_file/T2KND_FHC_numu_H2O_NEUT562_1M_0000_NUISFLAT.root, /home/hep/tlt26/RW_Snakemake/GENIE_file/T2KND_FHC_numu_H2O_GENIEv3_G18_10b_00_000_1M_0000_NUISFLAT.root
    output: snakemake_test, saved_swd_distribution/snakemake_test
    shell:
        
        python Init.py             --input_file_NEUT /home/hep/tlt26/RW_Snakemake/NEUT_file/T2KND_FHC_numu_H2O_NEUT562_1M_0000_NUISFLAT.root             --input_file_GENIE /home/hep/tlt26/RW_Snakemake/GENIE_file/T2KND_FHC_numu_H2O_GENIEv3_G18_10b_00_000_1M_0000_NUISFLAT.root             --mode 1             --neutrino_PDG 14             --train_percentage 0.4             --val_percentage 0.4             --output_dir_samples snakemake_test             --output_dir_swd_distribution saved_swd_distribution/snakemake_test
        
        (one of the commands exited with non-zero exit code; note that snakemake uses bash strict mode!)

Shutting down, this might take some time.
Exiting because a job execution failed. Look above for error message
Complete log: .snakemake/log/2026-04-30T160359.750297.snakemake.log
