Building DAG of jobs...
Using shell: /usr/bin/bash
Provided cores: 4
Rules claiming more threads will be scaled down.
Job stats:
job                    count
-------------------  -------
initialize_analysis        1
total                      1

Select jobs to execute...

[Fri May  1 11:26:08 2026]
rule initialize_analysis:
    input: /home/hep/tlt26/RW_Snakemake/NEUT_file/T2KND_FHC_numu_H2O_NEUT562_1M_0000_NUISFLAT.root, /home/hep/tlt26/RW_Snakemake/GENIE_file/T2KND_FHC_numu_H2O_GENIEv3_G18_10b_00_000_1M_0000_NUISFLAT.root
    output: saved_samples/snakemake_test/3D, saved_samples/snakemake_test/8D
    jobid: 0
    reason: Missing output files: saved_samples/snakemake_test/8D, saved_samples/snakemake_test/3D
    resources: tmpdir=/tmp

[Fri May  1 11:27:00 2026]
Finished job 0.
1 of 1 steps (100%) done
Complete log: .snakemake/log/2026-05-01T112607.941014.snakemake.log
