Building DAG of jobs...
Using shell: /usr/bin/bash
Provided cores: 8
Rules claiming more threads will be scaled down.
Job stats:
job                           count
--------------------------  -------
aggregate_bootstrap_3D            1
aggregate_bootstrap_8D            1
aggregate_custom_bootstrap        1
compute_metrics_plots             1
run_custom_bootstrap            193
train_models                      1
total                           198

Select jobs to execute...

[Fri May  1 16:18:59 2026]
rule run_custom_bootstrap:
    input: saved_samples/snakemake_test/5D/target_test.csv
    output: saved_swd_distribution/snakemake_test/5D/indiv_bootstrap/run_147.npy
    jobid: 554
    reason: Missing output files: saved_swd_distribution/snakemake_test/5D/indiv_bootstrap/run_147.npy
    wildcards: run_id=147
    resources: tmpdir=/tmp


[Fri May  1 16:18:59 2026]
rule run_custom_bootstrap:
    input: saved_samples/snakemake_test/5D/target_test.csv
    output: saved_swd_distribution/snakemake_test/5D/indiv_bootstrap/run_161.npy
    jobid: 568
    reason: Missing output files: saved_swd_distribution/snakemake_test/5D/indiv_bootstrap/run_161.npy
    wildcards: run_id=161
    resources: tmpdir=/tmp


[Fri May  1 16:18:59 2026]
rule run_custom_bootstrap:
    input: saved_samples/snakemake_test/5D/target_test.csv
    output: saved_swd_distribution/snakemake_test/5D/indiv_bootstrap/run_25.npy
    jobid: 432
    reason: Missing output files: saved_swd_distribution/snakemake_test/5D/indiv_bootstrap/run_25.npy
    wildcards: run_id=25
    resources: tmpdir=/tmp


[Fri May  1 16:18:59 2026]
rule run_custom_bootstrap:
    input: saved_samples/snakemake_test/5D/target_test.csv
    output: saved_swd_distribution/snakemake_test/5D/indiv_bootstrap/run_24.npy
    jobid: 431
    reason: Missing output files: saved_swd_distribution/snakemake_test/5D/indiv_bootstrap/run_24.npy
    wildcards: run_id=24
    resources: tmpdir=/tmp


[Fri May  1 16:18:59 2026]
rule run_custom_bootstrap:
    input: saved_samples/snakemake_test/5D/target_test.csv
    output: saved_swd_distribution/snakemake_test/5D/indiv_bootstrap/run_148.npy
    jobid: 555
    reason: Missing output files: saved_swd_distribution/snakemake_test/5D/indiv_bootstrap/run_148.npy
    wildcards: run_id=148
    resources: tmpdir=/tmp


[Fri May  1 16:18:59 2026]
rule run_custom_bootstrap:
    input: saved_samples/snakemake_test/5D/target_test.csv
    output: saved_swd_distribution/snakemake_test/5D/indiv_bootstrap/run_162.npy
    jobid: 569
    reason: Missing output files: saved_swd_distribution/snakemake_test/5D/indiv_bootstrap/run_162.npy
    wildcards: run_id=162
    resources: tmpdir=/tmp


[Fri May  1 16:18:59 2026]
rule train_models:
    input: saved_samples/snakemake_test/5D, set_hyperparameters/snakemake_test/hyperparameters.json, saved_samples/snakemake_test/5D/target_test.csv
    output: saved_models/snakemake_test/5D, saved_weights/snakemake_test/5D, saved_weights/snakemake_test/5D/weights_path_dict_5D.json
    jobid: 2
    reason: Missing output files: saved_weights/snakemake_test/5D/weights_path_dict_5D.json
    resources: tmpdir=/tmp


[Fri May  1 16:18:59 2026]
rule run_custom_bootstrap:
    input: saved_samples/snakemake_test/5D/target_test.csv
    output: saved_swd_distribution/snakemake_test/5D/indiv_bootstrap/run_110.npy
    jobid: 517
    reason: Missing output files: saved_swd_distribution/snakemake_test/5D/indiv_bootstrap/run_110.npy
    wildcards: run_id=110
    resources: tmpdir=/tmp

[Fri May  1 16:19:22 2026]
Error in rule train_models:
    jobid: 2
    input: saved_samples/snakemake_test/5D, set_hyperparameters/snakemake_test/hyperparameters.json, saved_samples/snakemake_test/5D/target_test.csv
    output: saved_models/snakemake_test/5D, saved_weights/snakemake_test/5D, saved_weights/snakemake_test/5D/weights_path_dict_5D.json
    shell:
        
        python Training.py             --original_train saved_samples/snakemake_test/5D/original_train.csv             --original_val saved_samples/snakemake_test/5D/original_val.csv             --original_test saved_samples/snakemake_test/5D/original_test.csv             --target_train saved_samples/snakemake_test/5D/target_train.csv             --target_val saved_samples/snakemake_test/5D/target_val.csv             --target_test saved_samples/snakemake_test/5D/target_test.csv             --hparams_dict set_hyperparameters/snakemake_test/hyperparameters.json             --save_weights_path saved_weights/snakemake_test/5D             --save_model_path saved_models/snakemake_test/5D             --model_list binning NN GBR XGB
        
        (one of the commands exited with non-zero exit code; note that snakemake uses bash strict mode!)

Removing output files of failed job train_models since they might be corrupted:
saved_weights/snakemake_test/5D
[Fri May  1 16:19:35 2026]
Finished job 568.
1 of 198 steps (1%) done
[Fri May  1 16:19:35 2026]
Finished job 569.
2 of 198 steps (1%) done
[Fri May  1 16:19:35 2026]
Finished job 432.
3 of 198 steps (2%) done
[Fri May  1 16:19:35 2026]
Finished job 517.
4 of 198 steps (2%) done
[Fri May  1 16:19:35 2026]
Finished job 431.
5 of 198 steps (3%) done
[Fri May  1 16:19:35 2026]
Finished job 555.
6 of 198 steps (3%) done
[Fri May  1 16:19:35 2026]
Finished job 554.
7 of 198 steps (4%) done
Shutting down, this might take some time.
Exiting because a job execution failed. Look above for error message
Complete log: .snakemake/log/2026-05-01T161856.754792.snakemake.log
