Building DAG of jobs...
Using shell: /usr/bin/bash
Provided cores: 4
Rules claiming more threads will be scaled down.
Job stats:
job                    count
-------------------  -------
custom_dim_analysis        1
total                      1

Select jobs to execute...

[Thu Apr 30 15:35:14 2026]
rule custom_dim_analysis:
    input: /home/hep/tlt26/RW_Snakemake/NEUT_file/T2KND_FHC_numu_H2O_NEUT562_1M_0000_NUISFLAT.root, /home/hep/tlt26/RW_Snakemake/GENIE_file/T2KND_FHC_numu_H2O_GENIEv3_G18_10b_00_000_1M_0000_NUISFLAT.root
    output: saved_swd_distribution/snakemake_test, saved_samples/snakemake_test
    jobid: 0
    reason: Missing output files: saved_samples/snakemake_test, saved_swd_distribution/snakemake_test
    resources: tmpdir=/tmp

[Thu Apr 30 15:57:09 2026]
Finished job 0.
1 of 1 steps (100%) done
Complete log: .snakemake/log/2026-04-30T153514.473976.snakemake.log
