Building DAG of jobs...
Using shell: /usr/bin/bash
Provided cores: 8
Rules claiming more threads will be scaled down.
Job stats:
job                      count
---------------------  -------
compute_metrics_plots        1
total                        1

Select jobs to execute...

[Fri May  1 17:10:48 2026]
rule compute_metrics_plots:
    input: saved_samples/snakemake_test/8D/original_test.csv, saved_samples/snakemake_test/8D/target_test.csv, saved_weights/snakemake_test/5D/weights_path_dict_5D.json, saved_swd_distribution/snakemake_test/3D/swd_distribution_3D.npy, saved_swd_distribution/snakemake_test/8D/swd_distribution_8D.npy, saved_swd_distribution/snakemake_test/5D/swd_distribution_5D.npy
    output: saved_figures/snakemake_test/5D, saved_figures/snakemake_test/5D/metrics.json
    jobid: 0
    reason: Forced execution
    resources: tmpdir=/tmp

Waiting at most 5 seconds for missing files.
MissingOutputException in rule compute_metrics_plots in file /home/hep/tlt26/RW_Snakemake/Snakefile, line 204:
Job 0 completed successfully, but some output files are missing. Missing files after 5 seconds. This might be due to filesystem latency. If that is the case, consider to increase the wait time with --latency-wait:
saved_figures/snakemake_test/5D/metrics.json
Removing output files of failed job compute_metrics_plots since they might be corrupted:
saved_figures/snakemake_test/5D
Shutting down, this might take some time.
Exiting because a job execution failed. Look above for error message
Complete log: .snakemake/log/2026-05-01T171045.639072.snakemake.log
