Building DAG of jobs...
Using shell: /usr/bin/bash
Provided cores: 8
Rules claiming more threads will be scaled down.
Job stats:
job                           count
--------------------------  -------
aggregate_bootstrap_3D            1
aggregate_bootstrap_8D            1
aggregate_custom_bootstrap        1
compute_metrics_plots             1
run_custom_bootstrap            137
train_models                      1
total                           142

Select jobs to execute...

[Fri May  1 16:28:41 2026]
rule run_custom_bootstrap:
    input: saved_samples/snakemake_test/5D/target_test.csv
    output: saved_swd_distribution/snakemake_test/5D/indiv_bootstrap/run_9.npy
    jobid: 416
    reason: Missing output files: saved_swd_distribution/snakemake_test/5D/indiv_bootstrap/run_9.npy
    wildcards: run_id=9
    resources: tmpdir=/tmp


[Fri May  1 16:28:41 2026]
rule run_custom_bootstrap:
    input: saved_samples/snakemake_test/5D/target_test.csv
    output: saved_swd_distribution/snakemake_test/5D/indiv_bootstrap/run_37.npy
    jobid: 444
    reason: Missing output files: saved_swd_distribution/snakemake_test/5D/indiv_bootstrap/run_37.npy
    wildcards: run_id=37
    resources: tmpdir=/tmp


[Fri May  1 16:28:41 2026]
rule run_custom_bootstrap:
    input: saved_samples/snakemake_test/5D/target_test.csv
    output: saved_swd_distribution/snakemake_test/5D/indiv_bootstrap/run_175.npy
    jobid: 582
    reason: Missing output files: saved_swd_distribution/snakemake_test/5D/indiv_bootstrap/run_175.npy
    wildcards: run_id=175
    resources: tmpdir=/tmp


[Fri May  1 16:28:41 2026]
rule run_custom_bootstrap:
    input: saved_samples/snakemake_test/5D/target_test.csv
    output: saved_swd_distribution/snakemake_test/5D/indiv_bootstrap/run_11.npy
    jobid: 418
    reason: Missing output files: saved_swd_distribution/snakemake_test/5D/indiv_bootstrap/run_11.npy
    wildcards: run_id=11
    resources: tmpdir=/tmp


[Fri May  1 16:28:41 2026]
rule run_custom_bootstrap:
    input: saved_samples/snakemake_test/5D/target_test.csv
    output: saved_swd_distribution/snakemake_test/5D/indiv_bootstrap/run_10.npy
    jobid: 417
    reason: Missing output files: saved_swd_distribution/snakemake_test/5D/indiv_bootstrap/run_10.npy
    wildcards: run_id=10
    resources: tmpdir=/tmp


[Fri May  1 16:28:41 2026]
rule run_custom_bootstrap:
    input: saved_samples/snakemake_test/5D/target_test.csv
    output: saved_swd_distribution/snakemake_test/5D/indiv_bootstrap/run_38.npy
    jobid: 445
    reason: Missing output files: saved_swd_distribution/snakemake_test/5D/indiv_bootstrap/run_38.npy
    wildcards: run_id=38
    resources: tmpdir=/tmp


[Fri May  1 16:28:41 2026]
rule run_custom_bootstrap:
    input: saved_samples/snakemake_test/5D/target_test.csv
    output: saved_swd_distribution/snakemake_test/5D/indiv_bootstrap/run_176.npy
    jobid: 583
    reason: Missing output files: saved_swd_distribution/snakemake_test/5D/indiv_bootstrap/run_176.npy
    wildcards: run_id=176
    resources: tmpdir=/tmp


[Fri May  1 16:28:41 2026]
rule train_models:
    input: saved_samples/snakemake_test/5D, set_hyperparameters/snakemake_test/hyperparameters.json, saved_samples/snakemake_test/5D/target_test.csv
    output: saved_models/snakemake_test/5D, saved_weights/snakemake_test/5D, saved_weights/snakemake_test/5D/weights_path_dict_5D.json
    jobid: 2
    reason: Missing output files: saved_weights/snakemake_test/5D/weights_path_dict_5D.json
    resources: tmpdir=/tmp

[Fri May  1 16:29:13 2026]
Error in rule train_models:
    jobid: 2
    input: saved_samples/snakemake_test/5D, set_hyperparameters/snakemake_test/hyperparameters.json, saved_samples/snakemake_test/5D/target_test.csv
    output: saved_models/snakemake_test/5D, saved_weights/snakemake_test/5D, saved_weights/snakemake_test/5D/weights_path_dict_5D.json
    shell:
        
        python Training.py             --original_train saved_samples/snakemake_test/5D/original_train.csv             --original_val saved_samples/snakemake_test/5D/original_val.csv             --original_test saved_samples/snakemake_test/5D/original_test.csv             --target_train saved_samples/snakemake_test/5D/target_train.csv             --target_val saved_samples/snakemake_test/5D/target_val.csv             --target_test saved_samples/snakemake_test/5D/target_test.csv             --hparams_dict set_hyperparameters/snakemake_test/hyperparameters.json             --save_weights_path saved_weights/snakemake_test/5D             --save_model_path saved_models/snakemake_test/5D             --model_list binning NN GBR XGB
        
        (one of the commands exited with non-zero exit code; note that snakemake uses bash strict mode!)

Removing output files of failed job train_models since they might be corrupted:
saved_weights/snakemake_test/5D
[Fri May  1 16:29:42 2026]
Finished job 444.
1 of 142 steps (1%) done
[Fri May  1 16:29:42 2026]
Finished job 582.
2 of 142 steps (1%) done
[Fri May  1 16:29:42 2026]
Finished job 417.
3 of 142 steps (2%) done
[Fri May  1 16:29:42 2026]
Finished job 418.
4 of 142 steps (3%) done
[Fri May  1 16:29:42 2026]
Finished job 583.
5 of 142 steps (4%) done
[Fri May  1 16:29:42 2026]
Finished job 416.
6 of 142 steps (4%) done
[Fri May  1 16:29:43 2026]
Finished job 445.
7 of 142 steps (5%) done
Shutting down, this might take some time.
Exiting because a job execution failed. Look above for error message
Complete log: .snakemake/log/2026-05-01T162839.343492.snakemake.log
