Building DAG of jobs...
Using shell: /usr/bin/bash
Provided cores: 8
Rules claiming more threads will be scaled down.
Job stats:
job                           count
--------------------------  -------
aggregate_bootstrap_3D            1
aggregate_bootstrap_8D            1
aggregate_custom_bootstrap        1
compute_metrics_plots             1
custom_dim_analysis               1
run_custom_bootstrap            200
run_initial_bootstrap_3D        200
run_initial_bootstrap_8D        200
train_models                      1
total                           606

Select jobs to execute...

[Fri May  1 14:57:54 2026]
rule run_initial_bootstrap_8D:
    input: saved_samples/snakemake_test/8D/target_test.csv, saved_samples/snakemake_test/8D/target_test.csv
    output: saved_swd_distribution/snakemake_test/8D/indiv_bootstrap/run_14.npy
    jobid: 220
    reason: Missing output files: saved_swd_distribution/snakemake_test/8D/indiv_bootstrap/run_14.npy
    wildcards: run_id=14
    resources: tmpdir=/tmp


[Fri May  1 14:57:54 2026]
rule run_initial_bootstrap_8D:
    input: saved_samples/snakemake_test/8D/target_test.csv, saved_samples/snakemake_test/8D/target_test.csv
    output: saved_swd_distribution/snakemake_test/8D/indiv_bootstrap/run_42.npy
    jobid: 248
    reason: Missing output files: saved_swd_distribution/snakemake_test/8D/indiv_bootstrap/run_42.npy
    wildcards: run_id=42
    resources: tmpdir=/tmp


[Fri May  1 14:57:54 2026]
rule run_initial_bootstrap_8D:
    input: saved_samples/snakemake_test/8D/target_test.csv, saved_samples/snakemake_test/8D/target_test.csv
    output: saved_swd_distribution/snakemake_test/8D/indiv_bootstrap/run_196.npy
    jobid: 402
    reason: Missing output files: saved_swd_distribution/snakemake_test/8D/indiv_bootstrap/run_196.npy
    wildcards: run_id=196
    resources: tmpdir=/tmp


[Fri May  1 14:57:54 2026]
rule run_initial_bootstrap_8D:
    input: saved_samples/snakemake_test/8D/target_test.csv, saved_samples/snakemake_test/8D/target_test.csv
    output: saved_swd_distribution/snakemake_test/8D/indiv_bootstrap/run_70.npy
    jobid: 276
    reason: Missing output files: saved_swd_distribution/snakemake_test/8D/indiv_bootstrap/run_70.npy
    wildcards: run_id=70
    resources: tmpdir=/tmp


[Fri May  1 14:57:54 2026]
rule run_initial_bootstrap_8D:
    input: saved_samples/snakemake_test/8D/target_test.csv, saved_samples/snakemake_test/8D/target_test.csv
    output: saved_swd_distribution/snakemake_test/8D/indiv_bootstrap/run_15.npy
    jobid: 221
    reason: Missing output files: saved_swd_distribution/snakemake_test/8D/indiv_bootstrap/run_15.npy
    wildcards: run_id=15
    resources: tmpdir=/tmp


[Fri May  1 14:57:54 2026]
rule run_initial_bootstrap_8D:
    input: saved_samples/snakemake_test/8D/target_test.csv, saved_samples/snakemake_test/8D/target_test.csv
    output: saved_swd_distribution/snakemake_test/8D/indiv_bootstrap/run_43.npy
    jobid: 249
    reason: Missing output files: saved_swd_distribution/snakemake_test/8D/indiv_bootstrap/run_43.npy
    wildcards: run_id=43
    resources: tmpdir=/tmp


[Fri May  1 14:57:54 2026]
rule run_initial_bootstrap_8D:
    input: saved_samples/snakemake_test/8D/target_test.csv, saved_samples/snakemake_test/8D/target_test.csv
    output: saved_swd_distribution/snakemake_test/8D/indiv_bootstrap/run_71.npy
    jobid: 277
    reason: Missing output files: saved_swd_distribution/snakemake_test/8D/indiv_bootstrap/run_71.npy
    wildcards: run_id=71
    resources: tmpdir=/tmp


[Fri May  1 14:57:54 2026]
rule custom_dim_analysis:
    input: /home/hep/tlt26/RW_Snakemake/NEUT_file/T2KND_FHC_numu_H2O_NEUT562_1M_0000_NUISFLAT.root, /home/hep/tlt26/RW_Snakemake/GENIE_file/T2KND_FHC_numu_H2O_GENIEv3_G18_10b_00_000_1M_0000_NUISFLAT.root
    output: saved_samples/snakemake_test/5D, saved_samples/snakemake_test/5D/target_test.csv
    jobid: 3
    reason: Missing output files: saved_samples/snakemake_test/5D/target_test.csv, saved_samples/snakemake_test/5D
    resources: tmpdir=/tmp

Waiting at most 5 seconds for missing files.
MissingOutputException in rule custom_dim_analysis in file /home/hep/tlt26/RW_Snakemake/Snakefile, line 112:
Job 3  completed successfully, but some output files are missing. Missing files after 5 seconds. This might be due to filesystem latency. If that is the case, consider to increase the wait time with --latency-wait:
saved_samples/snakemake_test/5D/target_test.csv
Removing output files of failed job custom_dim_analysis since they might be corrupted:
saved_samples/snakemake_test/5D
[Fri May  1 14:58:55 2026]
Finished job 248.
1 of 606 steps (0.2%) done
[Fri May  1 14:58:55 2026]
Finished job 277.
2 of 606 steps (0.3%) done
[Fri May  1 14:58:55 2026]
Finished job 402.
3 of 606 steps (0.5%) done
[Fri May  1 14:58:55 2026]
Finished job 220.
4 of 606 steps (1%) done
[Fri May  1 14:58:55 2026]
Finished job 249.
5 of 606 steps (1%) done
[Fri May  1 14:58:55 2026]
Finished job 276.
6 of 606 steps (1%) done
[Fri May  1 14:58:55 2026]
Finished job 221.
7 of 606 steps (1%) done
Shutting down, this might take some time.
Exiting because a job execution failed. Look above for error message
Complete log: .snakemake/log/2026-05-01T145750.204709.snakemake.log
