Building DAG of jobs...
Using shell: /usr/bin/bash
Provided cores: 8
Rules claiming more threads will be scaled down.
Job stats:
job                           count
--------------------------  -------
aggregate_bootstrap_3D            1
aggregate_bootstrap_8D            1
aggregate_custom_bootstrap        1
compute_metrics_plots             1
run_custom_bootstrap            186
train_models                      1
total                           191

Select jobs to execute...

[Fri May  1 16:22:41 2026]
rule run_custom_bootstrap:
    input: saved_samples/snakemake_test/5D/target_test.csv
    output: saved_swd_distribution/snakemake_test/5D/indiv_bootstrap/run_189.npy
    jobid: 596
    reason: Missing output files: saved_swd_distribution/snakemake_test/5D/indiv_bootstrap/run_189.npy
    wildcards: run_id=189
    resources: tmpdir=/tmp


[Fri May  1 16:22:41 2026]
rule train_models:
    input: saved_samples/snakemake_test/5D, set_hyperparameters/snakemake_test/hyperparameters.json, saved_samples/snakemake_test/5D/target_test.csv
    output: saved_models/snakemake_test/5D, saved_weights/snakemake_test/5D, saved_weights/snakemake_test/5D/weights_path_dict_5D.json
    jobid: 2
    reason: Missing output files: saved_weights/snakemake_test/5D/weights_path_dict_5D.json
    resources: tmpdir=/tmp


[Fri May  1 16:22:41 2026]
rule run_custom_bootstrap:
    input: saved_samples/snakemake_test/5D/target_test.csv
    output: saved_swd_distribution/snakemake_test/5D/indiv_bootstrap/run_80.npy
    jobid: 487
    reason: Missing output files: saved_swd_distribution/snakemake_test/5D/indiv_bootstrap/run_80.npy
    wildcards: run_id=80
    resources: tmpdir=/tmp


[Fri May  1 16:22:41 2026]
rule run_custom_bootstrap:
    input: saved_samples/snakemake_test/5D/target_test.csv
    output: saved_swd_distribution/snakemake_test/5D/indiv_bootstrap/run_107.npy
    jobid: 514
    reason: Missing output files: saved_swd_distribution/snakemake_test/5D/indiv_bootstrap/run_107.npy
    wildcards: run_id=107
    resources: tmpdir=/tmp


[Fri May  1 16:22:41 2026]
rule run_custom_bootstrap:
    input: saved_samples/snakemake_test/5D/target_test.csv
    output: saved_swd_distribution/snakemake_test/5D/indiv_bootstrap/run_94.npy
    jobid: 501
    reason: Missing output files: saved_swd_distribution/snakemake_test/5D/indiv_bootstrap/run_94.npy
    wildcards: run_id=94
    resources: tmpdir=/tmp


[Fri May  1 16:22:41 2026]
rule run_custom_bootstrap:
    input: saved_samples/snakemake_test/5D/target_test.csv
    output: saved_swd_distribution/snakemake_test/5D/indiv_bootstrap/run_66.npy
    jobid: 473
    reason: Missing output files: saved_swd_distribution/snakemake_test/5D/indiv_bootstrap/run_66.npy
    wildcards: run_id=66
    resources: tmpdir=/tmp


[Fri May  1 16:22:41 2026]
rule run_custom_bootstrap:
    input: saved_samples/snakemake_test/5D/target_test.csv
    output: saved_swd_distribution/snakemake_test/5D/indiv_bootstrap/run_120.npy
    jobid: 527
    reason: Missing output files: saved_swd_distribution/snakemake_test/5D/indiv_bootstrap/run_120.npy
    wildcards: run_id=120
    resources: tmpdir=/tmp


[Fri May  1 16:22:41 2026]
rule run_custom_bootstrap:
    input: saved_samples/snakemake_test/5D/target_test.csv
    output: saved_swd_distribution/snakemake_test/5D/indiv_bootstrap/run_134.npy
    jobid: 541
    reason: Missing output files: saved_swd_distribution/snakemake_test/5D/indiv_bootstrap/run_134.npy
    wildcards: run_id=134
    resources: tmpdir=/tmp

[Fri May  1 16:23:27 2026]
Finished job 527.
1 of 191 steps (1%) done
Select jobs to execute...

[Fri May  1 16:23:27 2026]
rule run_custom_bootstrap:
    input: saved_samples/snakemake_test/5D/target_test.csv
    output: saved_swd_distribution/snakemake_test/5D/indiv_bootstrap/run_190.npy
    jobid: 597
    reason: Missing output files: saved_swd_distribution/snakemake_test/5D/indiv_bootstrap/run_190.npy
    wildcards: run_id=190
    resources: tmpdir=/tmp

[Fri May  1 16:23:28 2026]
Finished job 596.
2 of 191 steps (1%) done
Select jobs to execute...

[Fri May  1 16:23:28 2026]
rule run_custom_bootstrap:
    input: saved_samples/snakemake_test/5D/target_test.csv
    output: saved_swd_distribution/snakemake_test/5D/indiv_bootstrap/run_81.npy
    jobid: 488
    reason: Missing output files: saved_swd_distribution/snakemake_test/5D/indiv_bootstrap/run_81.npy
    wildcards: run_id=81
    resources: tmpdir=/tmp

[Fri May  1 16:23:28 2026]
Finished job 487.
3 of 191 steps (2%) done
Select jobs to execute...

[Fri May  1 16:23:28 2026]
rule run_custom_bootstrap:
    input: saved_samples/snakemake_test/5D/target_test.csv
    output: saved_swd_distribution/snakemake_test/5D/indiv_bootstrap/run_95.npy
    jobid: 502
    reason: Missing output files: saved_swd_distribution/snakemake_test/5D/indiv_bootstrap/run_95.npy
    wildcards: run_id=95
    resources: tmpdir=/tmp

[Fri May  1 16:23:28 2026]
Finished job 473.
4 of 191 steps (2%) done
Select jobs to execute...

[Fri May  1 16:23:28 2026]
rule run_custom_bootstrap:
    input: saved_samples/snakemake_test/5D/target_test.csv
    output: saved_swd_distribution/snakemake_test/5D/indiv_bootstrap/run_121.npy
    jobid: 528
    reason: Missing output files: saved_swd_distribution/snakemake_test/5D/indiv_bootstrap/run_121.npy
    wildcards: run_id=121
    resources: tmpdir=/tmp

[Fri May  1 16:23:28 2026]
Finished job 514.
5 of 191 steps (3%) done
Select jobs to execute...

[Fri May  1 16:23:28 2026]
rule run_custom_bootstrap:
    input: saved_samples/snakemake_test/5D/target_test.csv
    output: saved_swd_distribution/snakemake_test/5D/indiv_bootstrap/run_135.npy
    jobid: 542
    reason: Missing output files: saved_swd_distribution/snakemake_test/5D/indiv_bootstrap/run_135.npy
    wildcards: run_id=135
    resources: tmpdir=/tmp

[Fri May  1 16:23:28 2026]
Finished job 501.
6 of 191 steps (3%) done
Select jobs to execute...

[Fri May  1 16:23:28 2026]
rule run_custom_bootstrap:
    input: saved_samples/snakemake_test/5D/target_test.csv
    output: saved_swd_distribution/snakemake_test/5D/indiv_bootstrap/run_191.npy
    jobid: 598
    reason: Missing output files: saved_swd_distribution/snakemake_test/5D/indiv_bootstrap/run_191.npy
    wildcards: run_id=191
    resources: tmpdir=/tmp

[Fri May  1 16:23:28 2026]
Finished job 541.
7 of 191 steps (4%) done
Select jobs to execute...

[Fri May  1 16:23:28 2026]
rule run_custom_bootstrap:
    input: saved_samples/snakemake_test/5D/target_test.csv
    output: saved_swd_distribution/snakemake_test/5D/indiv_bootstrap/run_67.npy
    jobid: 474
    reason: Missing output files: saved_swd_distribution/snakemake_test/5D/indiv_bootstrap/run_67.npy
    wildcards: run_id=67
    resources: tmpdir=/tmp

[Fri May  1 16:24:10 2026]
Finished job 597.
8 of 191 steps (4%) done
Select jobs to execute...

[Fri May  1 16:24:10 2026]
rule run_custom_bootstrap:
    input: saved_samples/snakemake_test/5D/target_test.csv
    output: saved_swd_distribution/snakemake_test/5D/indiv_bootstrap/run_96.npy
    jobid: 503
    reason: Missing output files: saved_swd_distribution/snakemake_test/5D/indiv_bootstrap/run_96.npy
    wildcards: run_id=96
    resources: tmpdir=/tmp

[Fri May  1 16:24:11 2026]
Finished job 502.
9 of 191 steps (5%) done
Select jobs to execute...

[Fri May  1 16:24:11 2026]
rule run_custom_bootstrap:
    input: saved_samples/snakemake_test/5D/target_test.csv
    output: saved_swd_distribution/snakemake_test/5D/indiv_bootstrap/run_108.npy
    jobid: 515
    reason: Missing output files: saved_swd_distribution/snakemake_test/5D/indiv_bootstrap/run_108.npy
    wildcards: run_id=108
    resources: tmpdir=/tmp

[Fri May  1 16:24:11 2026]
Finished job 488.
10 of 191 steps (5%) done
Select jobs to execute...

[Fri May  1 16:24:11 2026]
rule run_custom_bootstrap:
    input: saved_samples/snakemake_test/5D/target_test.csv
    output: saved_swd_distribution/snakemake_test/5D/indiv_bootstrap/run_122.npy
    jobid: 529
    reason: Missing output files: saved_swd_distribution/snakemake_test/5D/indiv_bootstrap/run_122.npy
    wildcards: run_id=122
    resources: tmpdir=/tmp

[Fri May  1 16:24:11 2026]
Finished job 528.
11 of 191 steps (6%) done
Select jobs to execute...

[Fri May  1 16:24:11 2026]
rule run_custom_bootstrap:
    input: saved_samples/snakemake_test/5D/target_test.csv
    output: saved_swd_distribution/snakemake_test/5D/indiv_bootstrap/run_82.npy
    jobid: 489
    reason: Missing output files: saved_swd_distribution/snakemake_test/5D/indiv_bootstrap/run_82.npy
    wildcards: run_id=82
    resources: tmpdir=/tmp

[Fri May  1 16:24:11 2026]
Finished job 474.
12 of 191 steps (6%) done
Select jobs to execute...

[Fri May  1 16:24:11 2026]
rule run_custom_bootstrap:
    input: saved_samples/snakemake_test/5D/target_test.csv
    output: saved_swd_distribution/snakemake_test/5D/indiv_bootstrap/run_68.npy
    jobid: 475
    reason: Missing output files: saved_swd_distribution/snakemake_test/5D/indiv_bootstrap/run_68.npy
    wildcards: run_id=68
    resources: tmpdir=/tmp

[Fri May  1 16:24:11 2026]
Finished job 598.
13 of 191 steps (7%) done
Select jobs to execute...

[Fri May  1 16:24:11 2026]
rule run_custom_bootstrap:
    input: saved_samples/snakemake_test/5D/target_test.csv
    output: saved_swd_distribution/snakemake_test/5D/indiv_bootstrap/run_136.npy
    jobid: 543
    reason: Missing output files: saved_swd_distribution/snakemake_test/5D/indiv_bootstrap/run_136.npy
    wildcards: run_id=136
    resources: tmpdir=/tmp

[Fri May  1 16:24:12 2026]
Finished job 542.
14 of 191 steps (7%) done
Select jobs to execute...

[Fri May  1 16:24:12 2026]
rule run_custom_bootstrap:
    input: saved_samples/snakemake_test/5D/target_test.csv
    output: saved_swd_distribution/snakemake_test/5D/indiv_bootstrap/run_26.npy
    jobid: 433
    reason: Missing output files: saved_swd_distribution/snakemake_test/5D/indiv_bootstrap/run_26.npy
    wildcards: run_id=26
    resources: tmpdir=/tmp

[Fri May  1 16:24:53 2026]
Finished job 515.
15 of 191 steps (8%) done
Select jobs to execute...

[Fri May  1 16:24:53 2026]
rule run_custom_bootstrap:
    input: saved_samples/snakemake_test/5D/target_test.csv
    output: saved_swd_distribution/snakemake_test/5D/indiv_bootstrap/run_192.npy
    jobid: 599
    reason: Missing output files: saved_swd_distribution/snakemake_test/5D/indiv_bootstrap/run_192.npy
    wildcards: run_id=192
    resources: tmpdir=/tmp

[Fri May  1 16:24:53 2026]
Finished job 503.
16 of 191 steps (8%) done
Select jobs to execute...

[Fri May  1 16:24:53 2026]
rule run_custom_bootstrap:
    input: saved_samples/snakemake_test/5D/target_test.csv
    output: saved_swd_distribution/snakemake_test/5D/indiv_bootstrap/run_27.npy
    jobid: 434
    reason: Missing output files: saved_swd_distribution/snakemake_test/5D/indiv_bootstrap/run_27.npy
    wildcards: run_id=27
    resources: tmpdir=/tmp

[Fri May  1 16:24:53 2026]
Finished job 529.
17 of 191 steps (9%) done
Select jobs to execute...

[Fri May  1 16:24:53 2026]
rule run_custom_bootstrap:
    input: saved_samples/snakemake_test/5D/target_test.csv
    output: saved_swd_distribution/snakemake_test/5D/indiv_bootstrap/run_69.npy
    jobid: 476
    reason: Missing output files: saved_swd_distribution/snakemake_test/5D/indiv_bootstrap/run_69.npy
    wildcards: run_id=69
    resources: tmpdir=/tmp

[Fri May  1 16:24:54 2026]
Finished job 475.
18 of 191 steps (9%) done
Select jobs to execute...

[Fri May  1 16:24:54 2026]
rule run_custom_bootstrap:
    input: saved_samples/snakemake_test/5D/target_test.csv
    output: saved_swd_distribution/snakemake_test/5D/indiv_bootstrap/run_83.npy
    jobid: 490
    reason: Missing output files: saved_swd_distribution/snakemake_test/5D/indiv_bootstrap/run_83.npy
    wildcards: run_id=83
    resources: tmpdir=/tmp

[Fri May  1 16:24:54 2026]
Finished job 489.
19 of 191 steps (10%) done
Select jobs to execute...

[Fri May  1 16:24:54 2026]
rule run_custom_bootstrap:
    input: saved_samples/snakemake_test/5D/target_test.csv
    output: saved_swd_distribution/snakemake_test/5D/indiv_bootstrap/run_97.npy
    jobid: 504
    reason: Missing output files: saved_swd_distribution/snakemake_test/5D/indiv_bootstrap/run_97.npy
    wildcards: run_id=97
    resources: tmpdir=/tmp

[Fri May  1 16:24:54 2026]
Finished job 433.
20 of 191 steps (10%) done
Select jobs to execute...

[Fri May  1 16:24:54 2026]
rule run_custom_bootstrap:
    input: saved_samples/snakemake_test/5D/target_test.csv
    output: saved_swd_distribution/snakemake_test/5D/indiv_bootstrap/run_109.npy
    jobid: 516
    reason: Missing output files: saved_swd_distribution/snakemake_test/5D/indiv_bootstrap/run_109.npy
    wildcards: run_id=109
    resources: tmpdir=/tmp

[Fri May  1 16:24:54 2026]
Finished job 543.
21 of 191 steps (11%) done
Select jobs to execute...

[Fri May  1 16:24:54 2026]
rule run_custom_bootstrap:
    input: saved_samples/snakemake_test/5D/target_test.csv
    output: saved_swd_distribution/snakemake_test/5D/indiv_bootstrap/run_123.npy
    jobid: 530
    reason: Missing output files: saved_swd_distribution/snakemake_test/5D/indiv_bootstrap/run_123.npy
    wildcards: run_id=123
    resources: tmpdir=/tmp

[Fri May  1 16:25:27 2026]
Finished job 434.
22 of 191 steps (12%) done
Select jobs to execute...

[Fri May  1 16:25:27 2026]
rule run_custom_bootstrap:
    input: saved_samples/snakemake_test/5D/target_test.csv
    output: saved_swd_distribution/snakemake_test/5D/indiv_bootstrap/run_137.npy
    jobid: 544
    reason: Missing output files: saved_swd_distribution/snakemake_test/5D/indiv_bootstrap/run_137.npy
    wildcards: run_id=137
    resources: tmpdir=/tmp

[Fri May  1 16:25:28 2026]
Finished job 599.
23 of 191 steps (12%) done
Select jobs to execute...

[Fri May  1 16:25:28 2026]
rule run_custom_bootstrap:
    input: saved_samples/snakemake_test/5D/target_test.csv
    output: saved_swd_distribution/snakemake_test/5D/indiv_bootstrap/run_193.npy
    jobid: 600
    reason: Missing output files: saved_swd_distribution/snakemake_test/5D/indiv_bootstrap/run_193.npy
    wildcards: run_id=193
    resources: tmpdir=/tmp

[Fri May  1 16:25:28 2026]
Finished job 490.
24 of 191 steps (13%) done
Select jobs to execute...

[Fri May  1 16:25:28 2026]
rule run_custom_bootstrap:
    input: saved_samples/snakemake_test/5D/target_test.csv
    output: saved_swd_distribution/snakemake_test/5D/indiv_bootstrap/run_0.npy
    jobid: 407
    reason: Missing output files: saved_swd_distribution/snakemake_test/5D/indiv_bootstrap/run_0.npy
    wildcards: run_id=0
    resources: tmpdir=/tmp

[Fri May  1 16:25:28 2026]
Finished job 476.
25 of 191 steps (13%) done
Select jobs to execute...

[Fri May  1 16:25:28 2026]
rule run_custom_bootstrap:
    input: saved_samples/snakemake_test/5D/target_test.csv
    output: saved_swd_distribution/snakemake_test/5D/indiv_bootstrap/run_28.npy
    jobid: 435
    reason: Missing output files: saved_swd_distribution/snakemake_test/5D/indiv_bootstrap/run_28.npy
    wildcards: run_id=28
    resources: tmpdir=/tmp

[Fri May  1 16:25:28 2026]
Finished job 516.
26 of 191 steps (14%) done
Select jobs to execute...

[Fri May  1 16:25:28 2026]
rule run_custom_bootstrap:
    input: saved_samples/snakemake_test/5D/target_test.csv
    output: saved_swd_distribution/snakemake_test/5D/indiv_bootstrap/run_138.npy
    jobid: 545
    reason: Missing output files: saved_swd_distribution/snakemake_test/5D/indiv_bootstrap/run_138.npy
    wildcards: run_id=138
    resources: tmpdir=/tmp

[Fri May  1 16:25:28 2026]
Finished job 530.
27 of 191 steps (14%) done
Select jobs to execute...

[Fri May  1 16:25:28 2026]
rule run_custom_bootstrap:
    input: saved_samples/snakemake_test/5D/target_test.csv
    output: saved_swd_distribution/snakemake_test/5D/indiv_bootstrap/run_70.npy
    jobid: 477
    reason: Missing output files: saved_swd_distribution/snakemake_test/5D/indiv_bootstrap/run_70.npy
    wildcards: run_id=70
    resources: tmpdir=/tmp

[Fri May  1 16:25:28 2026]
Finished job 504.
28 of 191 steps (15%) done
Select jobs to execute...

[Fri May  1 16:25:28 2026]
rule run_custom_bootstrap:
    input: saved_samples/snakemake_test/5D/target_test.csv
    output: saved_swd_distribution/snakemake_test/5D/indiv_bootstrap/run_84.npy
    jobid: 491
    reason: Missing output files: saved_swd_distribution/snakemake_test/5D/indiv_bootstrap/run_84.npy
    wildcards: run_id=84
    resources: tmpdir=/tmp

[Fri May  1 16:25:55 2026]
Finished job 477.
29 of 191 steps (15%) done
Select jobs to execute...

[Fri May  1 16:25:55 2026]
rule run_custom_bootstrap:
    input: saved_samples/snakemake_test/5D/target_test.csv
    output: saved_swd_distribution/snakemake_test/5D/indiv_bootstrap/run_98.npy
    jobid: 505
    reason: Missing output files: saved_swd_distribution/snakemake_test/5D/indiv_bootstrap/run_98.npy
    wildcards: run_id=98
    resources: tmpdir=/tmp

[Fri May  1 16:25:55 2026]
Finished job 545.
30 of 191 steps (16%) done
Select jobs to execute...

[Fri May  1 16:25:55 2026]
rule run_custom_bootstrap:
    input: saved_samples/snakemake_test/5D/target_test.csv
    output: saved_swd_distribution/snakemake_test/5D/indiv_bootstrap/run_124.npy
    jobid: 531
    reason: Missing output files: saved_swd_distribution/snakemake_test/5D/indiv_bootstrap/run_124.npy
    wildcards: run_id=124
    resources: tmpdir=/tmp

[Fri May  1 16:25:55 2026]
Finished job 435.
31 of 191 steps (16%) done
Select jobs to execute...

[Fri May  1 16:25:55 2026]
rule run_custom_bootstrap:
    input: saved_samples/snakemake_test/5D/target_test.csv
    output: saved_swd_distribution/snakemake_test/5D/indiv_bootstrap/run_194.npy
    jobid: 601
    reason: Missing output files: saved_swd_distribution/snakemake_test/5D/indiv_bootstrap/run_194.npy
    wildcards: run_id=194
    resources: tmpdir=/tmp

[Fri May  1 16:25:56 2026]
Finished job 407.
32 of 191 steps (17%) done
Select jobs to execute...

[Fri May  1 16:25:56 2026]
rule run_custom_bootstrap:
    input: saved_samples/snakemake_test/5D/target_test.csv
    output: saved_swd_distribution/snakemake_test/5D/indiv_bootstrap/run_71.npy
    jobid: 478
    reason: Missing output files: saved_swd_distribution/snakemake_test/5D/indiv_bootstrap/run_71.npy
    wildcards: run_id=71
    resources: tmpdir=/tmp

[Fri May  1 16:25:56 2026]
Finished job 600.
33 of 191 steps (17%) done
[Fri May  1 16:25:56 2026]
Finished job 491.
34 of 191 steps (18%) done
Select jobs to execute...

[Fri May  1 16:25:56 2026]
rule run_custom_bootstrap:
    input: saved_samples/snakemake_test/5D/target_test.csv
    output: saved_swd_distribution/snakemake_test/5D/indiv_bootstrap/run_85.npy
    jobid: 492
    reason: Missing output files: saved_swd_distribution/snakemake_test/5D/indiv_bootstrap/run_85.npy
    wildcards: run_id=85
    resources: tmpdir=/tmp


[Fri May  1 16:25:56 2026]
rule run_custom_bootstrap:
    input: saved_samples/snakemake_test/5D/target_test.csv
    output: saved_swd_distribution/snakemake_test/5D/indiv_bootstrap/run_1.npy
    jobid: 408
    reason: Missing output files: saved_swd_distribution/snakemake_test/5D/indiv_bootstrap/run_1.npy
    wildcards: run_id=1
    resources: tmpdir=/tmp

Select jobs to execute...
[Fri May  1 16:25:56 2026]
Finished job 544.
35 of 191 steps (18%) done

[Fri May  1 16:25:56 2026]
rule run_custom_bootstrap:
    input: saved_samples/snakemake_test/5D/target_test.csv
    output: saved_swd_distribution/snakemake_test/5D/indiv_bootstrap/run_125.npy
    jobid: 532
    reason: Missing output files: saved_swd_distribution/snakemake_test/5D/indiv_bootstrap/run_125.npy
    wildcards: run_id=125
    resources: tmpdir=/tmp

[Fri May  1 16:27:01 2026]
Finished job 505.
36 of 191 steps (19%) done
Select jobs to execute...

[Fri May  1 16:27:01 2026]
rule run_custom_bootstrap:
    input: saved_samples/snakemake_test/5D/target_test.csv
    output: saved_swd_distribution/snakemake_test/5D/indiv_bootstrap/run_111.npy
    jobid: 518
    reason: Missing output files: saved_swd_distribution/snakemake_test/5D/indiv_bootstrap/run_111.npy
    wildcards: run_id=111
    resources: tmpdir=/tmp

[Fri May  1 16:27:06 2026]
Finished job 531.
37 of 191 steps (19%) done
Select jobs to execute...

[Fri May  1 16:27:06 2026]
rule run_custom_bootstrap:
    input: saved_samples/snakemake_test/5D/target_test.csv
    output: saved_swd_distribution/snakemake_test/5D/indiv_bootstrap/run_139.npy
    jobid: 546
    reason: Missing output files: saved_swd_distribution/snakemake_test/5D/indiv_bootstrap/run_139.npy
    wildcards: run_id=139
    resources: tmpdir=/tmp

[Fri May  1 16:27:07 2026]
Finished job 492.
38 of 191 steps (20%) done
Select jobs to execute...

[Fri May  1 16:27:07 2026]
rule run_custom_bootstrap:
    input: saved_samples/snakemake_test/5D/target_test.csv
    output: saved_swd_distribution/snakemake_test/5D/indiv_bootstrap/run_29.npy
    jobid: 436
    reason: Missing output files: saved_swd_distribution/snakemake_test/5D/indiv_bootstrap/run_29.npy
    wildcards: run_id=29
    resources: tmpdir=/tmp

[Fri May  1 16:27:16 2026]
Finished job 601.
39 of 191 steps (20%) done
Select jobs to execute...

[Fri May  1 16:27:16 2026]
rule run_custom_bootstrap:
    input: saved_samples/snakemake_test/5D/target_test.csv
    output: saved_swd_distribution/snakemake_test/5D/indiv_bootstrap/run_99.npy
    jobid: 506
    reason: Missing output files: saved_swd_distribution/snakemake_test/5D/indiv_bootstrap/run_99.npy
    wildcards: run_id=99
    resources: tmpdir=/tmp

[Fri May  1 16:27:17 2026]
Finished job 408.
40 of 191 steps (21%) done
Select jobs to execute...

[Fri May  1 16:27:17 2026]
rule run_custom_bootstrap:
    input: saved_samples/snakemake_test/5D/target_test.csv
    output: saved_swd_distribution/snakemake_test/5D/indiv_bootstrap/run_195.npy
    jobid: 602
    reason: Missing output files: saved_swd_distribution/snakemake_test/5D/indiv_bootstrap/run_195.npy
    wildcards: run_id=195
    resources: tmpdir=/tmp

[Fri May  1 16:27:18 2026]
Finished job 478.
41 of 191 steps (21%) done
Select jobs to execute...

[Fri May  1 16:27:18 2026]
rule run_custom_bootstrap:
    input: saved_samples/snakemake_test/5D/target_test.csv
    output: saved_swd_distribution/snakemake_test/5D/indiv_bootstrap/run_30.npy
    jobid: 437
    reason: Missing output files: saved_swd_distribution/snakemake_test/5D/indiv_bootstrap/run_30.npy
    wildcards: run_id=30
    resources: tmpdir=/tmp

[Fri May  1 16:27:18 2026]
Finished job 532.
42 of 191 steps (22%) done
Select jobs to execute...

[Fri May  1 16:27:18 2026]
rule run_custom_bootstrap:
    input: saved_samples/snakemake_test/5D/target_test.csv
    output: saved_swd_distribution/snakemake_test/5D/indiv_bootstrap/run_126.npy
    jobid: 533
    reason: Missing output files: saved_swd_distribution/snakemake_test/5D/indiv_bootstrap/run_126.npy
    wildcards: run_id=126
    resources: tmpdir=/tmp

Waiting at most 5 seconds for missing files.
MissingOutputException in rule train_models in file /home/hep/tlt26/RW_Snakemake/Snakefile, line 173:
Job 2  completed successfully, but some output files are missing. Missing files after 5 seconds. This might be due to filesystem latency. If that is the case, consider to increase the wait time with --latency-wait:
saved_models/snakemake_test/5D
saved_weights/snakemake_test/5D/weights_path_dict_5D.json
Removing output files of failed job train_models since they might be corrupted:
saved_weights/snakemake_test/5D
[Fri May  1 16:27:47 2026]
Finished job 518.
43 of 191 steps (23%) done
[Fri May  1 16:27:48 2026]
Finished job 546.
44 of 191 steps (23%) done
[Fri May  1 16:27:48 2026]
Finished job 436.
45 of 191 steps (24%) done
[Fri May  1 16:27:52 2026]
Finished job 506.
46 of 191 steps (24%) done
[Fri May  1 16:27:54 2026]
Finished job 437.
47 of 191 steps (25%) done
[Fri May  1 16:27:54 2026]
Finished job 602.
48 of 191 steps (25%) done
[Fri May  1 16:27:54 2026]
Finished job 533.
49 of 191 steps (26%) done
Shutting down, this might take some time.
Exiting because a job execution failed. Look above for error message
Complete log: .snakemake/log/2026-05-01T162238.854281.snakemake.log
