Building DAG of jobs...
Using shell: /usr/bin/bash
Provided cores: 4
Rules claiming more threads will be scaled down.
Job stats:
job                    count
-------------------  -------
initialize_analysis        1
total                      1

Select jobs to execute...

[Fri May  1 10:19:40 2026]
rule initialize_analysis:
    input: /home/hep/tlt26/RW_Snakemake/NEUT_file/T2KND_FHC_numu_H2O_NEUT562_1M_0000_NUISFLAT.root, /home/hep/tlt26/RW_Snakemake/GENIE_file/T2KND_FHC_numu_H2O_GENIEv3_G18_10b_00_000_1M_0000_NUISFLAT.root
    output: saved_samples/snakemake_test/3D, saved_samples/snakemake_test/8D, saved_swd_distribution/snakemake_test/3D, saved_swd_distribution/snakemake_test/8D
    jobid: 0
    reason: Forced execution
    resources: tmpdir=/tmp

Terminating processes on user request, this might take some time.
[Fri May  1 10:44:28 2026]
Error in rule initialize_analysis:
    jobid: 0
    input: /home/hep/tlt26/RW_Snakemake/NEUT_file/T2KND_FHC_numu_H2O_NEUT562_1M_0000_NUISFLAT.root, /home/hep/tlt26/RW_Snakemake/GENIE_file/T2KND_FHC_numu_H2O_GENIEv3_G18_10b_00_000_1M_0000_NUISFLAT.root
    output: saved_samples/snakemake_test/3D, saved_samples/snakemake_test/8D, saved_swd_distribution/snakemake_test/3D, saved_swd_distribution/snakemake_test/8D
    shell:
        
        python Init.py             --input_file_NEUT /home/hep/tlt26/RW_Snakemake/NEUT_file/T2KND_FHC_numu_H2O_NEUT562_1M_0000_NUISFLAT.root             --input_file_GENIE /home/hep/tlt26/RW_Snakemake/GENIE_file/T2KND_FHC_numu_H2O_GENIEv3_G18_10b_00_000_1M_0000_NUISFLAT.root             --mode 1             --neutrino_PDG 14             --train_percentage 0.4             --val_percentage 0.4             --output_dir_samples_3D saved_samples/snakemake_test/3D             --output_dir_samples_8D saved_samples/snakemake_test/8D             --output_dir_swd_3D saved_swd_distribution/snakemake_test/3D             --output_dir_swd_8D saved_swd_distribution/snakemake_test/8D
        
        (one of the commands exited with non-zero exit code; note that snakemake uses bash strict mode!)

Complete log: .snakemake/log/2026-05-01T101939.917856.snakemake.log
